<?xml version="1.0" encoding="UTF-8"?>
<!-- Generated by org.testng.reporters.JUnitReportReporter -->
<testsuite hostname="DESKTOP-EPMI7CB" failures="0" tests="1" name="com.inetbanking.testCases.TC_LoginTest_001" time="1.369" errors="0" timestamp="24 Sep 2019 05:33:49 GMT" skipped="0">
  <testcase classname="com.inetbanking.testCases.TC_LoginTest_001" name="loginTest" time="1.369"/>
</testsuite> <!-- com.inetbanking.testCases.TC_LoginTest_001 -->
