<?xml version="1.0" encoding="UTF-8"?>
<!-- Generated by org.testng.reporters.JUnitReportReporter -->
<testsuite hostname="DESKTOP-EPMI7CB" failures="0" tests="1" name="com.inetbanking.testCases.TC_LoginTest_001" time="0.971" errors="0" timestamp="04 Nov 2019 02:49:14 GMT" skipped="0">
  <testcase classname="com.inetbanking.testCases.TC_LoginTest_001" name="loginTest" time="0.971"/>
</testsuite> <!-- com.inetbanking.testCases.TC_LoginTest_001 -->
